<?xml version="1.0" encoding="UTF-8"?>
<!-- Generated by org.testng.reporters.JUnitReportReporter -->
<testsuite hostname="DESKTOP-BTHA099" failures="0" tests="6" name="RestAPI.TekSystemScreening.TestingRestAPI" time="178.507" errors="0" timestamp="2021-10-22T13:15:33 EDT" skipped="0">
  <testcase classname="RestAPI.TekSystemScreening.TestingRestAPI" name="getInputFromUser" time="6.640"/>
  <system-out/>
  <testcase classname="RestAPI.TekSystemScreening.TestingRestAPI" name="getRequest" time="2.692"/>
  <system-out/>
  <testcase classname="RestAPI.TekSystemScreening.TestingRestAPI" name="lastMethod" time="0.001"/>
  <system-out/>
  <testcase classname="RestAPI.TekSystemScreening.TestingRestAPI" name="reRun" time="168.915"/>
  <system-out/>
  <testcase classname="RestAPI.TekSystemScreening.TestingRestAPI" name="negativeTestCase01" time="0.145"/>
  <system-out/>
  <testcase classname="RestAPI.TekSystemScreening.TestingRestAPI" name="negativeTestCase02" time="0.114"/>
  <system-out/>
</testsuite> <!-- RestAPI.TekSystemScreening.TestingRestAPI -->
